<?xml version="1.0" encoding="UTF-8"?>
<testng-results ignored="0" total="0" passed="0" failed="0" skipped="0">
  <reporter-output>
  </reporter-output>
  <suite started-at="2020-04-21T18:44:57Z" name="trendyol.filmfinder.apitest.Trendyol.FilmFinder.APITest.AppTest" finished-at="2020-04-21T18:44:57Z" duration-ms="8">
    <groups>
    </groups>
    <test started-at="2020-04-21T18:44:57Z" name="Command line test" finished-at="2020-04-21T18:44:57Z" duration-ms="8">
    </test> <!-- Command line test -->
  </suite> <!-- trendyol.filmfinder.apitest.Trendyol.FilmFinder.APITest.AppTest -->
</testng-results>
